[2023-05-29T16:38:14.810526+00:00] blog.INFO: Create user command started [] []
[2023-05-29T19:21:59.726646+00:00] blog.INFO: Create user command started [] []
[2023-05-29T19:22:07.290040+00:00] blog.INFO: Create user command started [] []
[2023-05-29T19:23:52.775890+00:00] blog.INFO: Create user command started [] []
[2023-05-29T19:23:52.789604+00:00] blog.INFO: User created: 0dc46c3d-9b20-445b-87e3-cf7028cdef7d [] []
[2023-05-30T13:04:00.281240+00:00] blog.INFO: Create user command started [] []
[2023-05-30T13:04:00.426829+00:00] blog.ERROR: User already exists: user2 {"exception":"[object] (ZoiaProjects\\ProjectBlog\\Blog\\Exceptions\\CommandException(code: 0): User already exists: user2 at C:\\Users\\zaya0\\OneDrive\\Документы\\Курс PHP Продвинутый\\ZoiaProjects\\ProjectBlog\\src\\Blog\\Commands\\CreateUserCommand.php:39)"} []
[2023-05-30T13:14:17.169438+00:00] blog.INFO: Create user command started [] []
[2023-05-30T13:15:14.949302+00:00] blog.INFO: Create user command started [] []
[2023-05-30T13:18:21.934140+00:00] blog.INFO: Create user command started [] []
[2023-05-30T13:23:02.984697+00:00] blog.INFO: Create user command started [] []
[2023-05-30T13:23:18.103450+00:00] blog.INFO: Create user command started [] []
[2023-05-30T13:23:18.106327+00:00] blog.WARNING: User already exists: user2 [] []
[2023-05-30T14:04:26.643971+00:00] blog.INFO: Post created: 4655d882-c622-4a0b-9703-49503e4c0ca6 [] []
[2023-05-31T12:36:06.903725+00:00] blog.NOTICE: Route not found: POST /post/create [] []
[2023-05-31T12:36:50.126757+00:00] blog.INFO: Post created: e8453cde-6395-409b-93cf-bec10c99e205 [] []
[2023-05-31T12:45:30.562022+00:00] blog.INFO: Post created: 6ac52fc1-6d5b-40ae-9d28-07f417e6d506 [] []
[2023-05-31T12:45:43.789231+00:00] blog.INFO: Post created: e2c10e28-b260-4b44-83d8-729c864038cf [] []
[2023-05-31T13:33:32.729124+00:00] blog.INFO: Post created: 2f72ecea-47d8-4a5b-abd6-46c6a456dfd8 [] []
[2023-05-31T13:57:50.202315+00:00] blog.INFO: Create user command started [] []
[2023-05-31T13:57:50.212097+00:00] blog.INFO: User created: Юзер с именем: Gulia Nigmatullina и логином:gulsia  [] []
[2023-05-31T14:02:52.741101+00:00] blog.INFO: Create post command started [] []
[2023-05-31T14:02:52.749637+00:00] blog.INFO: Post created: Юзер с именем: Gulia Nigmatullina и логином:gulsia  пишет: text Gulia [] []
[2023-05-31T14:02:52.750054+00:00] blog.INFO: Post created: 9bbcb18e-f74f-4b32-ae6a-075e796ad823 [] []
[2023-05-31T14:10:14.086983+00:00] blog.NOTICE: Route not found: GET /users/show&login=gulsia [] []
[2023-05-31T14:11:41.554780+00:00] blog.WARNING: User already exists: gulsi [] []
[2023-05-31T14:13:04.799960+00:00] blog.WARNING: Cannot get user: gulsi [] []
[2023-05-31T14:20:01.766862+00:00] blog.INFO: Create post command started [] []
[2023-05-31T14:20:01.775299+00:00] blog.INFO: Post created: Юзер с именем: Gulia Nigmatullina и логином:gulsia  пишет: text Gulia [] []
[2023-05-31T14:20:01.775724+00:00] blog.INFO: Post created: 04ed8edc-3c88-4aaa-bf76-bd876db08f0c [] []
[2023-05-31T14:20:09.483092+00:00] blog.WARNING: Cannot get user: gulsi [] []
[2023-06-01T11:04:24.589558+00:00] blog.INFO: Create user command started [] []
[2023-06-01T11:04:24.626319+00:00] blog.WARNING: Cannot get user: zoiaNig [] []
[2023-06-01T11:04:24.628132+00:00] blog.INFO: Create user command started [] []
[2023-06-01T11:05:47.882695+00:00] blog.INFO: Create user command started [] []
[2023-06-01T11:05:47.884804+00:00] blog.WARNING: Cannot get user: zoiaNig [] []
[2023-06-01T11:05:47.888294+00:00] blog.INFO: Create user command started [] []
[2023-06-01T11:07:21.086343+00:00] blog.INFO: Create user command started [] []
[2023-06-01T11:07:30.799785+00:00] blog.INFO: Create user command started [] []
[2023-06-01T11:07:30.801545+00:00] blog.WARNING: Cannot get user: zoiaNig [] []
[2023-06-01T11:07:30.803976+00:00] blog.INFO: Create user command started [] []
[2023-06-01T11:08:52.384184+00:00] blog.INFO: Create user command started [] []
[2023-06-01T11:08:52.386197+00:00] blog.WARNING: Cannot get user: zoiaNig [] []
[2023-06-01T11:09:28.439156+00:00] blog.INFO: Create user command started [] []
[2023-06-01T11:09:28.441448+00:00] blog.WARNING: Cannot get user: zoiaNig [] []
[2023-06-01T11:09:28.450302+00:00] blog.INFO: User created: Юзер с именем: Zoia Kapustiak и логином:zoiaNig  [] []
[2023-06-01T11:09:28.451050+00:00] blog.INFO: User created: 67c7d1e9-3c9b-4e02-9bf5-1cca11be2677 [] []
[2023-06-01T11:10:01.955711+00:00] blog.INFO: Create user command started [] []
[2023-06-01T11:10:01.958399+00:00] blog.WARNING: User already exists: zoiaNig [] []
[2023-06-01T11:11:24.667529+00:00] blog.INFO: Create user command started [] []
[2023-06-01T11:11:24.670315+00:00] blog.WARNING: User already exists: zoiaNig [] []
[2023-06-01T11:11:33.371125+00:00] blog.INFO: Create user command started [] []
[2023-06-01T11:11:33.374437+00:00] blog.WARNING: User already exists: zoiaNig [] []
[2023-06-01T11:11:43.062234+00:00] blog.INFO: Create user command started [] []
[2023-06-01T11:11:43.068773+00:00] blog.INFO: User created: Юзер с именем: Zoa Kapustiak и логином:zoiaNg  [] []
[2023-06-01T11:11:43.069272+00:00] blog.INFO: User created: 5e67c194-d802-4d77-a684-cbb5ecfd8146 [] []
[2023-06-01T11:41:17.236327+00:00] blog.NOTICE: Route not found: GET /posts/create [] []
[2023-06-01T12:18:52.181556+00:00] blog.INFO: Create post command started [] []
[2023-06-01T12:18:52.187622+00:00] blog.INFO: Post created: Юзер с именем: Zoia Nimatullina и логином:nzi  пишет: tesdf [] []
[2023-06-01T12:18:52.188036+00:00] blog.INFO: Post created: 571044b5-451c-4686-a9e5-794f965ebb3b [] []
[2023-06-01T12:21:01.919486+00:00] blog.INFO: Create post command started [] []
[2023-06-01T12:21:01.927487+00:00] blog.INFO: Post created: Юзер с именем: Zoia Nimatullina и логином:nzi  пишет: tesdf [] []
[2023-06-01T12:21:01.928076+00:00] blog.INFO: Post created: 0efa51a4-6503-4e1f-9dbd-ba78adb159db [] []
[2023-06-01T12:28:08.483935+00:00] blog.INFO: Create post command started [] []
[2023-06-01T12:28:08.489045+00:00] blog.INFO: Post created: Юзер с именем: Zoia Kapustiak и логином:zoiaNig  пишет: hiiiiiiiiiiiii [] []
[2023-06-01T12:28:08.489459+00:00] blog.INFO: Post created: a34be3b7-dac9-45cc-8fc5-b90ffc298711 [] []
[2023-06-01T12:36:29.061081+00:00] blog.INFO: Create user command started [] []
[2023-06-01T12:36:29.068853+00:00] blog.INFO: User created: zoiaN [] []
[2023-06-01T12:36:29.069331+00:00] blog.INFO: User created: a62c7b5c-084f-4ecc-a053-8f611188e12a [] []
[2023-06-01T12:37:26.400120+00:00] blog.INFO: Create post command started [] []
[2023-06-01T12:37:26.408270+00:00] blog.INFO: Post created: Юзер с именем: Zoia Kapusta и логином:zoiaN  пишет: hiiiiiiiiiiiii [] []
[2023-06-01T12:37:26.408832+00:00] blog.INFO: Post created: e31e9765-f1a6-496a-b1bb-5fb1b10eb78f [] []
[2023-06-01T13:01:48.341865+00:00] blog.INFO: Create user command started [] []
[2023-06-01T13:01:48.344827+00:00] blog.WARNING: User already exists: zoiaN [] []
[2023-06-01T13:02:02.306966+00:00] blog.INFO: Create user command started [] []
[2023-06-01T13:02:44.653860+00:00] blog.INFO: Create user command started [] []
[2023-06-01T13:02:44.660640+00:00] blog.INFO: User created: zoiaKap [] []
[2023-06-01T13:02:44.661283+00:00] blog.INFO: User created: zoiaKap [] []
[2023-06-01T13:17:16.750275+00:00] blog.INFO: Create user command started [] []
[2023-06-01T13:17:16.753181+00:00] blog.WARNING: User already exists: zoiaKap [] []
[2023-06-01T13:18:50.223966+00:00] blog.INFO: Create user command started [] []
[2023-06-01T13:18:50.230602+00:00] blog.INFO: User created: zoiaKap [] []
[2023-06-01T13:18:50.231109+00:00] blog.INFO: User created: zoiaKap [] []
[2023-06-01T13:19:03.856079+00:00] blog.INFO: Create user command started [] []
[2023-06-01T13:19:03.862489+00:00] blog.INFO: User created: zoia [] []
[2023-06-01T13:19:03.862917+00:00] blog.INFO: User created: zoia [] []
[2023-06-02T07:46:03.519616+00:00] blog.INFO: Create post command started [] []
[2023-06-02T07:46:03.528399+00:00] blog.INFO: Post created: Юзер с именем: Zoia Kapusta и логином:zoia  пишет: !!!!!!!!!!! [] []
[2023-06-02T07:46:03.528868+00:00] blog.INFO: Post created: d9eb5833-baad-465b-ab40-441b400926dd [] []
[2023-06-02T07:48:00.017825+00:00] blog.INFO: Create post command started [] []
[2023-06-02T07:48:00.054399+00:00] blog.INFO: Post created: Юзер с именем: Zoia Kapusta и логином:zoia  пишет: !!!!!!!!!!! [] []
[2023-06-02T07:48:00.055082+00:00] blog.INFO: Post created: 44556422-25f8-4768-a138-7c5a90b3ad61 [] []
[2023-06-02T07:48:51.492079+00:00] blog.INFO: Create post command started [] []
[2023-06-02T07:48:51.527290+00:00] blog.INFO: Post created: Юзер с именем: Zoia Kapusta и логином:zoia  пишет: !!!!!!!!!!! [] []
[2023-06-02T07:48:51.527717+00:00] blog.INFO: Post created: 5368465c-777b-4919-a391-bbc52dc7254d [] []
[2023-06-02T07:49:21.847525+00:00] blog.INFO: Create post command started [] []
[2023-06-02T07:49:21.884055+00:00] blog.INFO: Post created: Юзер с именем: Zoia Kapusta и логином:zoia  пишет: !!!!!!!!!!! [] []
[2023-06-02T07:49:21.886032+00:00] blog.INFO: Post created: 217f8e57-33ce-4912-9949-ce5a886029a3 [] []
[2023-06-02T08:25:17.217608+00:00] blog.INFO: Post deleted: 217f8e57-33ce-4912-9949-ce5a886029a3 [] []
[2023-06-02T08:28:33.746028+00:00] blog.WARNING: Cannot get post: 217f8e57-33ce-4912-9949-ce5a886029a3 [] []
[2023-06-02T08:28:53.670647+00:00] blog.NOTICE: Route not found: DELETE /post [] []
[2023-06-02T08:28:58.441612+00:00] blog.WARNING: Cannot get post: 217f8e57-33ce-4912-9949-ce5a886029a3 [] []
[2023-06-02T08:33:48.892814+00:00] blog.INFO: Create like command started [] []
[2023-06-02T08:33:48.899695+00:00] blog.INFO: Like created:949175b8-5775-4755-9abd-76cf5a3fef07 [] []
[2023-06-02T08:33:48.900679+00:00] blog.INFO: Like created: 949175b8-5775-4755-9abd-76cf5a3fef07 [] []
[2023-06-02T08:34:26.063025+00:00] blog.INFO: Create like command started [] []
[2023-06-02T08:34:26.064627+00:00] blog.INFO: Like created:95d9fbfc-8e16-4677-8dc4-1109e9694aec [] []
[2023-06-02T08:34:26.064825+00:00] blog.INFO: Like created: 95d9fbfc-8e16-4677-8dc4-1109e9694aec [] []
[2023-06-02T09:54:49.503250+00:00] blog.INFO: Create like command started [] []
[2023-06-02T09:54:49.504694+00:00] blog.INFO: Like created:8b7d9560-19c5-4150-935c-2b60d560add7 [] []
[2023-06-02T09:54:49.505051+00:00] blog.INFO: Like created: 8b7d9560-19c5-4150-935c-2b60d560add7 [] []
[2023-06-02T09:55:07.841871+00:00] blog.INFO: Create like command started [] []
[2023-06-02T09:55:07.843841+00:00] blog.INFO: Like created:d30c42e7-e773-4b6f-a90b-83f7569049d3 [] []
[2023-06-02T09:55:07.844354+00:00] blog.INFO: Like created: d30c42e7-e773-4b6f-a90b-83f7569049d3 [] []
[2023-06-02T09:55:42.513867+00:00] blog.INFO: Create like command started [] []
[2023-06-02T09:55:42.515400+00:00] blog.INFO: Like created:0d39371f-2d0a-4eb1-8c28-180f3f7d22c0 [] []
[2023-06-02T09:55:42.515720+00:00] blog.INFO: Like created: 0d39371f-2d0a-4eb1-8c28-180f3f7d22c0 [] []
[2023-06-02T09:56:53.911444+00:00] blog.INFO: Create like command started [] []
[2023-06-02T09:56:53.912878+00:00] blog.INFO: Like created:f82d58de-8aab-4f7b-b1c0-77849fb1cc27 [] []
[2023-06-02T09:56:53.913139+00:00] blog.INFO: Like created: f82d58de-8aab-4f7b-b1c0-77849fb1cc27 [] []
[2023-06-02T09:58:29.702485+00:00] blog.INFO: Create like command started [] []
[2023-06-02T09:58:29.707265+00:00] blog.INFO: Like created:e64f9fdc-ced5-43d4-8d3c-8d984bca9a59 [] []
[2023-06-02T09:58:29.707631+00:00] blog.INFO: Like created: e64f9fdc-ced5-43d4-8d3c-8d984bca9a59 [] []
[2023-06-02T09:59:04.167704+00:00] blog.INFO: Create like command started [] []
[2023-06-02T09:59:04.169064+00:00] blog.INFO: Like created:875259a5-fad5-47fb-8b92-d092daee4264 [] []
[2023-06-02T09:59:04.169288+00:00] blog.INFO: Like created: 875259a5-fad5-47fb-8b92-d092daee4264 [] []
[2023-06-02T09:59:30.895557+00:00] blog.INFO: Create like command started [] []
[2023-06-02T09:59:30.897174+00:00] blog.INFO: Like created:6da4e78f-302d-439d-a14c-1f0f37b0285c [] []
[2023-06-02T09:59:30.897443+00:00] blog.INFO: Like created: 6da4e78f-302d-439d-a14c-1f0f37b0285c [] []
[2023-06-02T10:01:02.433378+00:00] blog.INFO: Create like command started [] []
[2023-06-02T10:01:02.434913+00:00] blog.INFO: Like created:4cf7351a-62d3-4fc1-b56e-99adb54aa27e [] []
[2023-06-02T10:01:02.435123+00:00] blog.INFO: Like created: 4cf7351a-62d3-4fc1-b56e-99adb54aa27e [] []
[2023-06-02T10:02:23.072255+00:00] blog.INFO: Create like command started [] []
[2023-06-02T10:02:23.073762+00:00] blog.INFO: Like created:ec2e4e8c-c5c3-4ebc-9c27-99ccfbe649d5 [] []
[2023-06-02T10:04:14.242894+00:00] blog.INFO: Create like command started [] []
[2023-06-02T10:07:16.980676+00:00] blog.INFO: Create like command started [] []
[2023-06-02T10:07:16.982630+00:00] blog.WARNING: Already like post [] []
[2023-06-02T10:09:42.002828+00:00] blog.INFO: Create like command started [] []
[2023-06-02T10:09:42.004196+00:00] blog.WARNING: Already like post [] []
[2023-06-02T10:09:50.704352+00:00] blog.INFO: Create like command started [] []
[2023-06-02T10:09:50.705575+00:00] blog.WARNING: Already like post [] []
[2023-06-02T10:11:46.782529+00:00] blog.INFO: Create like command started [] []
[2023-06-02T10:11:46.785005+00:00] blog.WARNING: Already like post [] []
[2023-06-02T10:12:41.733994+00:00] blog.INFO: Create like command started [] []
[2023-06-02T10:12:41.769579+00:00] blog.INFO: Like created:cdec587a-528b-42d3-b4c6-3f658d2c4d44 [] []
[2023-06-02T10:13:12.466568+00:00] blog.INFO: Create like command started [] []
[2023-06-02T10:13:12.467932+00:00] blog.WARNING: Already like post [] []
[2023-06-02T10:13:51.755863+00:00] blog.INFO: Create like command started [] []
[2023-06-02T10:13:51.757754+00:00] blog.WARNING: Already like post [] []
[2023-06-02T10:14:29.495073+00:00] blog.INFO: Create like command started [] []
[2023-06-02T10:14:29.530742+00:00] blog.INFO: Like created:bab2d51a-1bd1-4114-8d72-a6d8867e729e [] []
[2023-06-02T10:15:01.890581+00:00] blog.INFO: Create like command started [] []
[2023-06-02T10:15:01.892537+00:00] blog.WARNING: Already like post [] []
[2023-06-02T10:55:33.112514+00:00] blog.WARNING: The users like for this post already exists [] []
[2023-06-02T10:58:54.212018+00:00] blog.INFO: The users like for this post already exists [] []
[2023-06-02T10:58:54.216614+00:00] blog.INFO: Like created:568f6b3b-1426-4bbc-8a5b-9db9e30f8c60 [] []
[2023-06-02T10:59:51.584085+00:00] blog.INFO: The users like for this post already exists [] []
[2023-06-02T10:59:51.620489+00:00] blog.INFO: Like created:d4a473a4-9db6-4f90-8a88-9d62ffdeb052 [] []
[2023-06-02T11:00:22.809579+00:00] blog.INFO: The users like for this post already exists [] []
[2023-06-02T11:00:41.032978+00:00] blog.INFO: The users like for this post already exists [] []
[2023-06-02T11:00:41.069044+00:00] blog.INFO: Like created:15e04f66-26f5-4387-aa3e-5e50682244ea [] []
[2023-06-02T11:00:54.678618+00:00] blog.INFO: The users like for this post already exists [] []
[2023-06-02T11:03:22.918815+00:00] blog.INFO: Like created:efac55ba-3f46-435e-9d33-df360aa59892 [] []
[2023-06-02T11:23:05.563322+00:00] blog.NOTICE: Route not found: POST /comment/create [] []
[2023-06-02T11:33:24.049076+00:00] blog.INFO: Create post command started [] []
[2023-06-02T11:33:24.053771+00:00] blog.INFO: Post created: Юзер с именем: Zoia Kapusta и логином:zoia  пишет: text [] []
[2023-06-02T11:33:24.054211+00:00] blog.INFO: Post created: e64bcd3b-8257-456d-83be-7fe6a376e2db [] []
[2023-06-02T11:37:10.565705+00:00] blog.INFO: Create comment command started [] []
[2023-06-02T11:37:10.570664+00:00] blog.INFO: Comment created: 9782101e-dc07-429b-a312-a7d0d1be1cf2 [] []
[2023-06-02T11:37:10.571016+00:00] blog.INFO: Comment created: 9782101e-dc07-429b-a312-a7d0d1be1cf2 [] []
[2023-06-02T11:51:25.846677+00:00] blog.INFO: Comment deleted: 9782101e-dc07-429b-a312-a7d0d1be1cf2 [] []
[2023-06-02T11:52:15.840884+00:00] blog.INFO: Create comment command started [] []
[2023-06-02T11:52:15.845604+00:00] blog.INFO: Comment created: 73beace2-f7eb-42f9-8893-546d807d949e [] []
[2023-06-02T11:52:15.846164+00:00] blog.INFO: Comment created: 73beace2-f7eb-42f9-8893-546d807d949e [] []
[2023-06-02T11:53:13.624255+00:00] blog.INFO: Comment deleted: 73beace2-f7eb-42f9-8893-546d807d949e [] []
[2023-06-02T11:53:38.195896+00:00] blog.INFO: Create comment command started [] []
[2023-06-02T11:53:38.200771+00:00] blog.INFO: Comment created: f2b73c27-b214-4152-b73b-305d1b4a5902 [] []
[2023-06-02T11:53:38.201267+00:00] blog.INFO: Comment created: f2b73c27-b214-4152-b73b-305d1b4a5902 [] []
[2023-06-02T11:54:15.833530+00:00] blog.WARNING: Cannot get comment: 73beace2-f7eb-42f9-8893-546d807d949e [] []
[2023-06-02T11:54:42.277876+00:00] blog.INFO: Comment deleted: f2b73c27-b214-4152-b73b-305d1b4a5902 [] []
[2023-06-02T12:18:09.452946+00:00] blog.INFO: Create comment command started [] []
[2023-06-02T12:18:09.457096+00:00] blog.INFO: Comment created: 7e7ec90c-fb4c-4b49-8ae2-36fdae206050 [] []
[2023-06-02T12:18:09.457477+00:00] blog.INFO: Comment created: 7e7ec90c-fb4c-4b49-8ae2-36fdae206050 [] []
[2023-06-02T12:19:33.287944+00:00] blog.INFO: Comment deleted: 7e7ec90c-fb4c-4b49-8ae2-36fdae206050 [] []
[2023-06-02T12:19:47.999956+00:00] blog.INFO: Create comment command started [] []
[2023-06-02T12:19:48.007921+00:00] blog.INFO: Comment created: 8841c281-679b-4fbd-a651-c9406bd116e4 [] []
[2023-06-02T12:19:48.008713+00:00] blog.INFO: Comment created: 8841c281-679b-4fbd-a651-c9406bd116e4 [] []
[2023-06-02T12:39:15.238525+00:00] blog.INFO: Comment deleted: 8841c281-679b-4fbd-a651-c9406bd116e4 [] []
[2023-06-03T19:26:58.657275+00:00] blog.INFO: User created: nigmat [] []
[2023-06-04T05:56:34.243759+00:00] blog.WARNING: Cannot get post: e64bcd3b-8257-456d-83be-7fe6a376e2db [] []
[2023-06-04T12:59:19.079804+00:00] blog.INFO: User created: nigmat [] []
[2023-06-04T14:02:03.044439+00:00] blog.INFO: User created: nigmat [] []
[2023-06-04T14:02:25.590354+00:00] blog.INFO: User created: nigmat [] []
[2023-06-04T14:24:31.811485+00:00] blog.INFO: User created: nik [] []
[2023-06-04T14:29:42.750685+00:00] blog.NOTICE: Route not found: POST /users/create [] []
[2023-06-04T14:30:01.168600+00:00] blog.INFO: User created: inIn [] []
[2023-06-04T14:33:54.565581+00:00] blog.INFO: User created: inIn [] []
[2023-06-04T14:34:46.967987+00:00] blog.INFO: User created: inIn [] []
[2023-06-04T14:35:40.398325+00:00] blog.INFO: User created: nzi [] []
[2023-06-04T14:48:57.371529+00:00] blog.INFO: User created: a3a28eec-a8cd-4b36-9cbe-f27a314815f7 [] []
[2023-06-04T14:52:27.599177+00:00] blog.INFO: User created: inIn [] []
[2023-06-04T14:57:08.092752+00:00] blog.INFO: User created: nigmat [] []
[2023-06-04T14:57:22.347253+00:00] blog.INFO: User created: nigmat [] []
[2023-06-04T14:57:41.363343+00:00] blog.INFO: User created: nigmat [] []
[2023-06-04T16:14:56.906398+00:00] blog.INFO: User created: doe.jane [] []
[2023-06-04T16:14:56.915674+00:00] blog.INFO: User created: vdoe [] []
[2023-06-04T16:14:56.919876+00:00] blog.INFO: User created: john.doe [] []
[2023-06-04T16:14:56.924157+00:00] blog.INFO: User created: john59 [] []
[2023-06-04T16:14:56.928081+00:00] blog.INFO: User created: john58 [] []
[2023-06-04T16:14:56.931854+00:00] blog.INFO: User created: zdoe [] []
[2023-06-04T16:14:56.935716+00:00] blog.INFO: User created: udoe [] []
[2023-06-04T16:14:56.939696+00:00] blog.INFO: User created: doe.john [] []
[2023-06-04T16:17:03.965125+00:00] blog.INFO: User created: gdoe [] []
[2023-06-04T16:17:03.970978+00:00] blog.INFO: User created: jane.doe [] []
[2023-06-04T16:18:48.598244+00:00] blog.INFO: User created: john.doe [] []
[2023-06-04T16:18:48.605460+00:00] blog.INFO: User created: doe.john [] []
[2023-06-04T16:19:14.265984+00:00] blog.INFO: User created: doe.jane [] []
[2023-06-04T16:19:14.271583+00:00] blog.INFO: User created: bdoe [] []
[2023-06-04T16:19:14.276127+00:00] blog.INFO: User created: john.doe [] []
[2023-06-04T16:19:14.351388+00:00] blog.INFO: Create post command started [] []
[2023-06-04T16:25:54.504392+00:00] blog.INFO: User created: vdoe [] []
[2023-06-04T16:25:54.509825+00:00] blog.INFO: User created: doe.john [] []
[2023-06-04T16:25:54.514164+00:00] blog.INFO: User created: qdoe [] []
[2023-06-04T16:25:54.567327+00:00] blog.INFO: Create post command started [] []
[2023-06-04T16:31:30.737736+00:00] blog.INFO: User created: jane11 [] []
[2023-06-04T16:31:30.742954+00:00] blog.INFO: User created: ddoe [] []
[2023-06-04T16:31:30.747013+00:00] blog.INFO: User created: jane00 [] []
[2023-06-04T16:31:30.800401+00:00] blog.INFO: Create post command started [] []
[2023-06-04T16:41:49.615652+00:00] blog.INFO: User created: odoe [] []
[2023-06-04T16:41:49.621326+00:00] blog.INFO: User created: john52 [] []
[2023-06-04T16:41:49.625240+00:00] blog.INFO: User created: tdoe [] []
[2023-06-04T16:41:49.686773+00:00] blog.INFO: Create post command started [] []
[2023-06-04T16:51:30.501773+00:00] blog.INFO: Create post command started [] []
[2023-06-04T16:51:30.508212+00:00] blog.INFO: Post created: Юзер с именем: yulia Kapusta и логином:nigmat  пишет: test text [] []
[2023-06-04T16:51:30.508924+00:00] blog.INFO: Post created: 91cddead-08ed-47fa-aa88-e89aeb1b83e1 [] []
[2023-06-04T16:51:51.697155+00:00] blog.INFO: User created: jane11 [] []
[2023-06-04T16:51:51.702392+00:00] blog.INFO: User created: jane27 [] []
[2023-06-04T16:51:51.706147+00:00] blog.INFO: User created: john.doe [] []
[2023-06-04T16:51:51.763761+00:00] blog.INFO: Create post command started [] []
[2023-06-04T16:53:42.644080+00:00] blog.INFO: User created: bdoe [] []
[2023-06-04T16:53:42.650021+00:00] blog.INFO: User created: edoe [] []
[2023-06-04T16:53:42.655099+00:00] blog.INFO: User created: jane47 [] []
[2023-06-04T16:53:42.718230+00:00] blog.INFO: Create post command started [] []
[2023-06-04T16:55:41.027817+00:00] blog.INFO: User created: jane.doe [] []
[2023-06-04T16:56:02.029229+00:00] blog.INFO: User created: doe.jane [] []
[2023-06-04T16:56:02.034865+00:00] blog.INFO: User created: jane72 [] []
[2023-06-04T16:56:06.120103+00:00] blog.INFO: User created: jane.doe [] []
[2023-06-04T16:56:06.129390+00:00] blog.INFO: User created: ndoe [] []
[2023-06-04T16:56:06.134356+00:00] blog.INFO: User created: kdoe [] []
[2023-06-04T16:56:06.195902+00:00] blog.INFO: Create post command started [] []
[2023-06-04T16:57:51.052645+00:00] blog.INFO: User created: john.doe [] []
[2023-06-04T16:57:53.027007+00:00] blog.INFO: User created: bdoe [] []
[2023-06-04T16:57:53.037819+00:00] blog.INFO: User created: jane11 [] []
[2023-06-04T16:57:53.042787+00:00] blog.INFO: User created: john83 [] []
[2023-06-04T16:57:53.105841+00:00] blog.INFO: Create post command started [] []
[2023-06-04T16:57:53.109308+00:00] blog.INFO: Post created: 48a166fb-ff9c-4952-83d1-3546079f47a2 пишет: Чичиков, — ни вот на столько не солгал, — — возразила старуха, да и не так, как бы вдруг от дома провести подземный ход или чрез пруд выстроить каменный мост, на котором лежала книжка с заложенною. [] []
[2023-06-04T16:57:53.111128+00:00] blog.INFO: Create post command started [] []
[2023-06-04T16:57:53.114542+00:00] blog.INFO: Post created: 48a166fb-ff9c-4952-83d1-3546079f47a2 пишет: Уж хоть по крайней мере, она произнесла уже почти просительным — голосом: — Да не нужен мне жеребец, бог с вами, он обходился вновь по-дружески и даже отчасти принять на себя все повинности. Я. [] []
[2023-06-04T16:57:53.116912+00:00] blog.INFO: Create post command started [] []
[2023-06-04T16:57:53.120396+00:00] blog.INFO: Post created: 48a166fb-ff9c-4952-83d1-3546079f47a2 пишет: Расспросивши подробно будочника, куда можно пройти ближе, если понадобится, к собору, к присутственным местам, к губернатору, он отправился взглянуть на реку, протекавшую посредине города, дорогою. [] []
[2023-06-04T16:57:53.121977+00:00] blog.INFO: Create post command started [] []
[2023-06-04T16:57:53.125104+00:00] blog.INFO: Post created: 02827321-4c62-4465-9202-b47bac8b9ee4 пишет: Чичиков объяснил ей, что эта бумага не такого рода, что она сейчас только, как видно, не составлял у Ноздрева главного в жизни; блюда не играли большой роли: кое-что и вовсе не там, где следует, а. [] []
[2023-06-04T16:57:53.127305+00:00] blog.INFO: Create post command started [] []
[2023-06-04T16:57:53.130714+00:00] blog.INFO: Post created: 02827321-4c62-4465-9202-b47bac8b9ee4 пишет: Или же просто восклицания: «черви! червоточина! пикенция!» или: «пикендрас! пичурущух! пичура!» и даже по ту сторону, весь этот лес, которым вон — синеет, и все, что узнали в городе не нашлось. [] []
[2023-06-04T16:57:53.133167+00:00] blog.INFO: Create post command started [] []
[2023-06-04T16:57:53.136677+00:00] blog.INFO: Post created: 02827321-4c62-4465-9202-b47bac8b9ee4 пишет: Это заставило его крепко чихнуть, — обстоятельство, бывшее причиною его пробуждения. Окинувши взглядом комнату, он теперь заметил, что это, точно, случается и что уже начало было сделано, и оба. [] []
[2023-06-04T16:57:53.138532+00:00] blog.INFO: Create post command started [] []
[2023-06-04T16:57:53.141692+00:00] blog.INFO: Post created: bfa9e615-54d4-42b3-869c-91c72ec7ddf7 пишет: Не хочу. — Ну вот видишь, вот уж точно, как будто подступал под неприступную крепость. — — Прощайте, миленькие малютки! — сказал Чичиков. — Да чего ж ты рассердился так горячо? Знай я прежде, что ты. [] []
[2023-06-04T16:57:53.143205+00:00] blog.INFO: Create post command started [] []
[2023-06-04T16:57:53.146128+00:00] blog.INFO: Post created: bfa9e615-54d4-42b3-869c-91c72ec7ddf7 пишет: Пока он его с удовольствием поговорю, коли хороший человек. Хорошему человеку всякой отдаст почтение. Вот барина нашего всякой уважает, потому что был не очень интересен для читателя, то сделаем. [] []
[2023-06-04T16:57:53.147817+00:00] blog.INFO: Create post command started [] []
[2023-06-04T16:57:53.151292+00:00] blog.INFO: Post created: bfa9e615-54d4-42b3-869c-91c72ec7ddf7 пишет: Фемистоклюс. — Умница, душенька! — сказал — Манилов, опять несколько прищурив глаза. — Очень, очень достойный человек, — продолжал он. — Но знаете ли, из чего сердиться! Дело яйца выеденного не. [] []
[2023-06-04T17:48:36.346466+00:00] blog.INFO: User created: doe.john [] []
[2023-06-04T17:48:36.352517+00:00] blog.INFO: User created: jane43 [] []
[2023-06-04T17:48:36.412345+00:00] blog.INFO: Create post command started [] []
[2023-06-04T17:48:36.415916+00:00] blog.INFO: Post created: fadf5838-ba62-426a-8eac-5d4934528db0 пишет: Порфирию и рассматривая брюхо щенка, — и спасибо, и хоть бы что- нибудь похожее на крышу. Он послал Селифана отыскивать ворота, что, без сомнения, продолжалось бы долго, если бы вошедший слуга не. [] []
[2023-06-04T17:48:36.417945+00:00] blog.INFO: Create post command started [] []
[2023-06-04T17:48:36.421250+00:00] blog.INFO: Post created: 3cab19e8-7cf1-45ee-a81c-b2b1ba3f1c97 пишет: Стол, кресла, стулья — все это в ней ни было, человек знакомый, и у полицеймейстера обедал, и познакомился с помещиком Ноздревым, человеком лет тридцати, разбитным малым, который ему после трех. [] []
[2023-06-04T17:49:25.439738+00:00] blog.INFO: User created: doe.john [] []
[2023-06-04T17:49:27.620472+00:00] blog.INFO: User created: odoe [] []
[2023-06-04T17:49:27.626102+00:00] blog.INFO: User created: jane81 [] []
[2023-06-04T17:49:29.419553+00:00] blog.INFO: User created: john87 [] []
[2023-06-04T17:49:29.426693+00:00] blog.INFO: User created: jane12 [] []
[2023-06-04T17:49:29.431409+00:00] blog.INFO: User created: adoe [] []
[2023-06-04T17:49:29.487873+00:00] blog.INFO: Create post command started [] []
[2023-06-04T17:49:29.491412+00:00] blog.INFO: Post created: e315b4a5-7697-4ce8-8e9a-a3f20a275f20 пишет: Позвольте вас попросить расположиться в этих креслах, — сказал мужик. — Это — нехорошо опрокинуть, я уж сам знаю; уж я никак не хотел выпустить руки нашего героя и продолжал жать ее так горячо, что. [] []
[2023-06-04T17:49:29.493714+00:00] blog.INFO: Create post command started [] []
[2023-06-04T17:49:29.497135+00:00] blog.INFO: Post created: e315b4a5-7697-4ce8-8e9a-a3f20a275f20 пишет: На вопрос, далеко ли отсюда пути к помещику Собакевичу, на что тебе? — сказала старуха, — приехал в какое время, откуда и кем привезенных к нам в Россию, иной раз вливали туда и сюда; их. [] []
[2023-06-04T17:49:29.499535+00:00] blog.INFO: Create post command started [] []
[2023-06-04T17:49:29.504758+00:00] blog.INFO: Post created: 6732a962-6147-4e8c-be83-c4153df943ab пишет: Чичиков и даже сам вышивал иногда по тюлю. Потом отправился к вице-губернатору, потом был у прокурора, у председателя палаты, у Ивана Григорьевича, — — сказал Чичиков. — Нет, барин, как можно, чтоб. [] []
[2023-06-04T17:49:29.508827+00:00] blog.INFO: Create post command started [] []
[2023-06-04T17:49:29.512140+00:00] blog.INFO: Post created: 6732a962-6147-4e8c-be83-c4153df943ab пишет: Скоро, однако ж, показавшаяся деревня Собакевича рассеяла его мысли и заставила их обратиться к своему делу, что случалося с ним всегда после того, когда либо в чем провинился, либо был пьян. Лошади. [] []
[2023-06-04T17:49:29.515247+00:00] blog.INFO: Create post command started [] []
[2023-06-04T17:49:29.520373+00:00] blog.INFO: Post created: f49b9d9e-f4b7-4b09-9600-1afb99ee953b пишет: При этом глаза его липнули, как будто подступал под неприступную крепость. — — Еще третьего дня купил, и дорого, черт возьми, в самом деле выступивший на лбу. Впрочем, Чичиков напрасно «сердился. [] []
[2023-06-04T17:49:29.522898+00:00] blog.INFO: Create post command started [] []
[2023-06-04T17:49:29.528992+00:00] blog.INFO: Post created: f49b9d9e-f4b7-4b09-9600-1afb99ee953b пишет: Покорнейше прошу. Тут они еще не знаете его, — пусть их едят одно сено. Последнего заключения Чичиков никак не назвал души умершими, а только три. Двор окружен был крепкою и непомерно толстою. [] []
[2023-06-04T17:51:17.384856+00:00] blog.INFO: User created: john19 [] []
[2023-06-04T17:51:17.390619+00:00] blog.INFO: User created: zdoe [] []
[2023-06-04T17:51:17.394705+00:00] blog.INFO: User created: doe.jane [] []
[2023-06-04T17:51:17.454742+00:00] blog.INFO: Create post command started [] []
[2023-06-04T17:51:17.459850+00:00] blog.INFO: Post created: e84fa8b1-9dd3-470f-b5b9-a261f61da875 пишет: Ну, душа, вот это так! Вот это хорошо, постой же, я тебя поцелую за — живого. На прошлой неделе сгорел у меня уж ассигновано для гостя: ради или не хотите продать, прощайте! — Позвольте, позвольте!. [] []
[2023-06-04T17:51:17.462125+00:00] blog.INFO: Create post command started [] []
[2023-06-04T17:51:17.465379+00:00] blog.INFO: Post created: e84fa8b1-9dd3-470f-b5b9-a261f61da875 пишет: Ну, изволь! — сказал Манилов, явя в лице своем мыслящую физиономию, покрыл нижнею губою верхнюю и сохранил такое положение во все углы комнаты. Погасив свечу, он накрылся ситцевым одеялом и. [] []
[2023-06-04T17:51:17.468267+00:00] blog.INFO: Create post command started [] []
[2023-06-04T17:51:17.471775+00:00] blog.INFO: Post created: 0f2607fa-51f6-4036-af1c-8eb3fbcc5969 пишет: А я, брат, с ярмарки. Поздравь: продулся в пух! Веришь ли, что не купили. — Два с полтиною. — Право у вас умирали — крестьяне? — Ох, не припоминай его, бог с ним! — Ну, да изволь, я готова отдать за. [] []
[2023-06-04T17:51:17.473508+00:00] blog.INFO: Create post command started [] []
[2023-06-04T17:51:17.477239+00:00] blog.INFO: Post created: 0f2607fa-51f6-4036-af1c-8eb3fbcc5969 пишет: А свиного сала купим. — Может быть, к сему побудила его другая, более существенная причина, дело более серьезное, близшее к сердцу… Но обо всем этом читатель узнает постепенно и в каком — когда-либо. [] []
[2023-06-04T17:51:17.478788+00:00] blog.INFO: Create post command started [] []
[2023-06-04T17:51:17.482081+00:00] blog.INFO: Post created: f6034210-607b-4035-92ac-83dbb5d87113 пишет: Экое счастье! экое счастье! — говорил он, начиная метать для — возбуждения задору. — Экое счастье! экое счастье! — говорил Чичиков, — однако ж и не поймет всех его особенностей и различий; он почти. [] []
[2023-06-04T17:51:17.484391+00:00] blog.INFO: Create post command started [] []
[2023-06-04T17:51:17.487811+00:00] blog.INFO: Post created: f6034210-607b-4035-92ac-83dbb5d87113 пишет: В комнате были следы вчерашнего обеда и ужина; кажется, половая щетка не притрогивалась вовсе. На полу валялись хлебные крохи, а табачная зола видна даже была на скатерти. Сам хозяин, не замедливший. [] []
[2023-06-04T18:13:14.809463+00:00] blog.INFO: User created: jane.doe [] []
[2023-06-04T18:13:14.870252+00:00] blog.INFO: Create post command started [] []
[2023-06-04T18:13:14.873815+00:00] blog.INFO: Post created: 03a4ae2b-3873-4450-94bd-6a60fa5ad268 пишет: Тут Чичиков вспомнил, что здесь, по словам Ноздрева, водилась рыба такой величины, что два человека с трудом можно было лишиться блюда, привел рот в прежнее положение и начал со слезами грызть. [] []
[2023-06-04T18:13:14.888375+00:00] blog.INFO: Create comment command started [] []
[2023-06-04T18:13:14.891953+00:00] blog.INFO: Comment created: dead0885-d5a0-4797-8f21-ffe76b8508d3 [] []
[2023-06-04T18:13:14.893832+00:00] blog.INFO: Create post command started [] []
[2023-06-04T18:13:14.897007+00:00] blog.INFO: Post created: 03a4ae2b-3873-4450-94bd-6a60fa5ad268 пишет: Чичиков обратился к нему доверенное письмо и, чтобы избавить от лишних затруднений, сам даже взялся сочинить. «Хорошо бы было, — все было прочно, неуклюже в высочайшей степени и имело какое-то. [] []
[2023-06-04T18:13:14.897675+00:00] blog.INFO: Create comment command started [] []
[2023-06-04T18:13:14.900860+00:00] blog.INFO: Comment created: b7f2f06f-9250-4c2d-a2bf-f391ee2883c0 [] []
[2023-06-05T06:38:12.271018+00:00] blog.INFO: Create post command started [] []
[2023-06-05T06:38:12.277905+00:00] blog.INFO: Post created: Юзер с именем: yulia Kapusta и логином:nigmat  пишет: test text [] []
[2023-06-05T06:38:12.278383+00:00] blog.INFO: Post created: a27ed9af-69ab-4aa7-9e62-df423af1c9a3 [] []
[2023-06-05T06:39:59.748978+00:00] blog.INFO: Create post command started [] []
[2023-06-05T06:39:59.752694+00:00] blog.INFO: Post created: Юзер с именем: yulia Kapusta и логином:nigmat  пишет: test text [] []
[2023-06-05T06:39:59.753010+00:00] blog.INFO: Post created: 0a698ff0-5923-4fa0-aa07-ba1d4d198246 [] []
[2023-06-05T06:41:04.309450+00:00] blog.INFO: User created: jane90 [] []
[2023-06-05T06:41:04.323686+00:00] blog.INFO: User created: bdoe [] []
[2023-06-05T06:41:04.337276+00:00] blog.INFO: User created: john.doe [] []
[2023-06-05T06:41:04.394657+00:00] blog.INFO: Create post command started [] []
[2023-06-05T06:43:37.374707+00:00] blog.INFO: User created: zdoe [] []
[2023-06-05T06:43:37.380106+00:00] blog.INFO: User created: rdoe [] []
[2023-06-05T06:43:40.953133+00:00] blog.INFO: User created: jane37 [] []
[2023-06-05T06:43:40.958299+00:00] blog.INFO: User created: jane15 [] []
[2023-06-05T06:43:40.963039+00:00] blog.INFO: User created: doe.jane [] []
[2023-06-05T06:43:41.020371+00:00] blog.INFO: Create post command started [] []
[2023-06-05T06:43:41.023749+00:00] blog.INFO: Post created: Юзер с именем: Jane Doe и логином:jane37  пишет: Селифан не иначе всыпал ему в губы, причем он имел случай заметить, что и — несколько погнувши ее, так что гость было испугался; шум походил на то, что губернатор сделал ему приглашение пожаловать к. [] []
[2023-06-05T06:43:41.036863+00:00] blog.INFO: Create comment command started [] []
[2023-06-05T06:43:41.040609+00:00] blog.INFO: Comment created: 361a2121-96a4-49f5-af1d-3fbc55157115 [] []
[2023-06-05T06:43:41.042172+00:00] blog.INFO: Create post command started [] []
[2023-06-05T06:43:41.046123+00:00] blog.INFO: Post created: Юзер с именем: Jane Doe и логином:jane37  пишет: По огороду были разбросаны кое-где яблони и другие фруктовые деревья, накрытые сетями для защиты от сорок и воробьев, из которых по ошибке было вырезано: «Мастер Савелий Сибиряков». Вслед за нею и. [] []
[2023-06-05T06:43:41.046923+00:00] blog.INFO: Create comment command started [] []
[2023-06-05T06:43:41.049864+00:00] blog.INFO: Comment created: e5572fae-7625-48fc-8f08-ea499da273ee [] []
[2023-06-05T06:43:41.051594+00:00] blog.INFO: Create post command started [] []
[2023-06-05T06:43:41.055103+00:00] blog.INFO: Post created: Юзер с именем: Jane Doe и логином:jane15  пишет: Чтобы еще более прозвищами, так что он намерен с ним хорошо сошлись! Это не то, о чем он думал, тоже разве богу было известно. Хозяйством нельзя сказать чтобы он был совершенным зверем!» Пошли. [] []
[2023-06-05T06:43:41.056548+00:00] blog.INFO: Create comment command started [] []
[2023-06-05T06:43:41.059717+00:00] blog.INFO: Comment created: 4db9f8af-35ac-4f9d-b3c1-02f6bd499ecf [] []
[2023-06-05T06:43:41.062215+00:00] blog.INFO: Create post command started [] []
[2023-06-05T06:43:41.065659+00:00] blog.INFO: Post created: Юзер с именем: Jane Doe и логином:jane15  пишет: А другая-то откуда взялась? — Какая ж ваша будет последняя цена? — сказал Собакевич. — Извинительней сходить в какое-нибудь непристойное — место, чем к сидевшему в нем. «Вишь ты, как разнесло его!. [] []
[2023-06-05T06:43:41.066579+00:00] blog.INFO: Create comment command started [] []
[2023-06-05T06:43:41.071137+00:00] blog.INFO: Comment created: 14c39c5f-0326-49b2-8dbc-78bcd963c750 [] []
[2023-06-05T06:43:41.072811+00:00] blog.INFO: Create post command started [] []
[2023-06-05T06:43:41.075919+00:00] blog.INFO: Post created: Юзер с именем: John Doe и логином:doe.jane  пишет: У вас, матушка, хорошая деревенька. Сколько в ней хорошо? Хорошо то, что к нему заехал и потерял даром время. Но еще более туземными купеческими, ибо купцы по торговым дням приходили сюда сам-шест и. [] []
[2023-06-05T06:43:41.076917+00:00] blog.INFO: Create comment command started [] []
[2023-06-05T06:43:41.080145+00:00] blog.INFO: Comment created: 42f7b03d-8878-4137-8b5d-2b766e0228cb [] []
[2023-06-05T06:43:41.082495+00:00] blog.INFO: Create post command started [] []
[2023-06-05T06:43:41.086396+00:00] blog.INFO: Post created: Юзер с именем: John Doe и логином:doe.jane  пишет: Неизвестно, до чего бы дошло взаимное излияние чувств обоих приятелей, если бы не два мужика. попавшиеся навстречу, то вряд ли бы довелось им потрафить на лад. На вопрос, далеко ли отсюда пути к. [] []
[2023-06-05T06:43:41.087128+00:00] blog.INFO: Create comment command started [] []
[2023-06-05T06:43:41.090164+00:00] blog.INFO: Comment created: f1a36c60-41d3-4167-916d-38eb744b9ecc [] []
[2023-06-05T06:44:16.622397+00:00] blog.INFO: Create post command started [] []
[2023-06-05T06:44:16.630913+00:00] blog.INFO: Post created: Юзер с именем: yulia Kapusta и логином:nigmat  пишет: test text [] []
[2023-06-05T06:44:16.631437+00:00] blog.INFO: Post created: 1782d2ab-58e1-4bfc-8c6f-99c7090bc6e2 [] []
[2023-06-05T06:44:53.360170+00:00] blog.INFO: User created: inIn [] []
[2023-06-05T11:51:28.067195+00:00] blog.INFO: Like start create [] []
[2023-06-05T11:51:28.073078+00:00] blog.INFO: Like created:59a62ab2-2009-466c-b5de-1f62c8c6bc5a [] []
[2023-06-05T12:17:39.966854+00:00] blog.INFO: Like start create [] []
[2023-06-05T12:17:39.971394+00:00] blog.INFO: Like created:6d7645da-d96b-4059-9002-cdf5493d55c1 [] []
[2023-06-05T13:07:00.053383+00:00] blog.INFO: Like start create [] []
[2023-06-05T13:07:00.060245+00:00] blog.INFO: Like created:16ef7912-d965-4af2-8ded-9fddc8e0ed75 [] []
[2023-06-05T13:28:01.057139+00:00] blog.INFO: Like start create [] []
[2023-06-05T13:28:01.061719+00:00] blog.INFO: Like created:8f6213f3-e070-43aa-b5f4-d46920c25024 [] []
[2023-06-05T13:33:41.070113+00:00] blog.INFO: User created: udoe [] []
[2023-06-05T13:33:41.075437+00:00] blog.INFO: User created: john02 [] []
[2023-06-05T13:33:41.132188+00:00] blog.INFO: Create post command started [] []
[2023-06-05T13:33:41.135820+00:00] blog.INFO: Post created: Юзер с именем: Jane Doe и логином:udoe  пишет: Я задумал жениться; но нужно тебе — дам их в погребе целую зиму; а мертвые души купчую? — А, если хорошо, это другое дело: я против этого ничего, — отвечал другой. Этим разговор и кончился. Да еще. [] []
[2023-06-05T13:33:41.137400+00:00] blog.INFO: Create comment command started [] []
[2023-06-05T13:33:41.140954+00:00] blog.INFO: Comment created: 85dbc90f-8348-4a47-a671-8fb769a5f5bb [] []
[2023-06-05T13:33:41.142182+00:00] blog.INFO: Create post command started [] []
[2023-06-05T13:33:41.145490+00:00] blog.INFO: Post created: Юзер с именем: Jane Doe и логином:udoe  пишет: Убыток, да нрав такой собачий: — не знал даже, живете ли вы мне таковых, не живых в — окно. Он увидел свою бричку, которая стояла совсем готовая, а — Селифан ожидал, казалось, мановения, чтобы. [] []
[2023-06-05T13:33:41.146158+00:00] blog.INFO: Create comment command started [] []
[2023-06-05T13:33:41.149509+00:00] blog.INFO: Comment created: 3269d42b-5efe-4e8e-a39f-c50aabdbba04 [] []
[2023-06-05T13:33:41.150914+00:00] blog.INFO: Create post command started [] []
[2023-06-05T13:33:41.154780+00:00] blog.INFO: Post created: Юзер с именем: Jane Doe и логином:john02  пишет: Воспользовавшись ее отсутствием, Чичиков обратился к Собакевичу, который, приблизившись к столу и накрывши их пальцами левой руки, другою написал на лоскутке бумаги, что задаток двадцать пять рублей. [] []
[2023-06-05T13:33:41.155669+00:00] blog.INFO: Create comment command started [] []
[2023-06-05T13:33:41.159236+00:00] blog.INFO: Comment created: 2da75313-aa5e-42c6-9e07-dac7a699020a [] []
[2023-06-05T13:33:41.160318+00:00] blog.INFO: Create post command started [] []
[2023-06-05T13:33:41.163717+00:00] blog.INFO: Post created: Юзер с именем: Jane Doe и логином:john02  пишет: Ноздрева, водилась рыба такой величины, что два человека с трудом вытаскивали штуку, в чем, однако ж, так устремит взгляд, как будто несколько знакомо. Он стал припоминать себе: кто бы это сделать?. [] []
[2023-06-05T13:33:41.164292+00:00] blog.INFO: Create comment command started [] []
[2023-06-05T13:33:41.167300+00:00] blog.INFO: Comment created: 32b50ce3-97ae-4d07-a768-580b7b65ba0c [] []
